<?xml version="1.0" encoding="UTF-8"?>
<!-- Generated by org.testng.reporters.JUnitReportReporter -->
<testsuite hostname="LAPTOP-JARN4I3E" failures="0" tests="1" name="com.Simplilearn.TestingAirlinesTravelApplication.Bookings" time="7.795" errors="0" timestamp="2023-09-14T15:40:48 IST" skipped="0">
  <testcase classname="com.Simplilearn.TestingAirlinesTravelApplication.Bookings" name="flights" time="7.795"/>
</testsuite> <!-- com.Simplilearn.TestingAirlinesTravelApplication.Bookings -->
