<?xml version="1.0" encoding="UTF-8"?>
<!-- Generated by org.testng.reporters.JUnitReportReporter -->
<testsuite hostname="LAPTOP-JARN4I3E" failures="0" tests="1" name="com.Simplilearn.TestingAirlinesTravelApplication.Validating_Singup_Page" time="0.903" errors="0" timestamp="2023-09-15T23:31:52 IST" skipped="0">
  <testcase classname="com.Simplilearn.TestingAirlinesTravelApplication.Validating_Singup_Page" name="validating_email" time="0.903"/>
</testsuite> <!-- com.Simplilearn.TestingAirlinesTravelApplication.Validating_Singup_Page -->
