<?xml version="1.0" encoding="UTF-8"?>
<!-- Generated by org.testng.reporters.JUnitReportReporter -->
<testsuite hostname="LAPTOP-JARN4I3E" failures="0" tests="1" name="com.Simplilearn.TestingAirlinesTravelApplication.Testcases$flightbooking" time="7.292" errors="0" timestamp="2023-09-15T23:38:06 IST" skipped="0">
  <testcase classname="com.Simplilearn.TestingAirlinesTravelApplication.Testcases$flightbooking" name="book_flight" time="7.292"/>
</testsuite> <!-- com.Simplilearn.TestingAirlinesTravelApplication.Testcases$flightbooking -->
