<?xml version="1.0" encoding="UTF-8"?>
<!-- Generated by org.testng.reporters.JUnitReportReporter -->
<testsuite hostname="LAPTOP-JARN4I3E" failures="0" tests="1" name="com.Simplilearn.TestingAirlinesTravelApplication.Homepage" time="5.202" errors="0" timestamp="2023-09-13T23:23:07 IST" skipped="0">
  <testcase classname="com.Simplilearn.TestingAirlinesTravelApplication.Homepage" name="homepage" time="5.202"/>
</testsuite> <!-- com.Simplilearn.TestingAirlinesTravelApplication.Homepage -->
