<?xml version="1.0" encoding="UTF-8"?>
<!-- Generated by org.testng.reporters.JUnitReportReporter -->
<testsuite hostname="LAPTOP-JARN4I3E" failures="0" tests="1" name="com.Simplilearn.TestingAirlinesTravelApplication.Testcases$createuser" time="4.493" errors="0" timestamp="2023-09-15T23:20:43 IST" skipped="0">
  <testcase classname="com.Simplilearn.TestingAirlinesTravelApplication.Testcases$createuser" name="singup" time="4.493"/>
</testsuite> <!-- com.Simplilearn.TestingAirlinesTravelApplication.Testcases$createuser -->
