<?xml version="1.0" encoding="UTF-8"?>
<!-- Generated by org.testng.reporters.JUnitReportReporter -->
<testsuite hostname="LAPTOP-JARN4I3E" failures="0" tests="2" name="com.Simplilearn.RestAssured.ApiTesting" time="1.564" errors="0" timestamp="2023-09-15T23:20:43 IST" skipped="0">
  <testcase classname="com.Simplilearn.RestAssured.ApiTesting" name="checkflights" time="1.545"/>
  <testcase classname="com.Simplilearn.RestAssured.ApiTesting" name="confirmbooking" time="0.019"/>
</testsuite> <!-- com.Simplilearn.RestAssured.ApiTesting -->
